<?xml version="1.0" encoding="UTF-8"?>
<!-- Generated by org.testng.reporters.JUnitReportReporter -->
<testsuite skipped="0" hostname="Tumuku" name="ABSA_MobileBanking.ABSA_MobileBanking.deel" tests="1" failures="0" timestamp="2020-05-20T20:45:42 CAT" time="0.028" errors="0">
  <testcase name="m1" time="0.028" classname="ABSA_MobileBanking.ABSA_MobileBanking.deel"/>
</testsuite> <!-- ABSA_MobileBanking.ABSA_MobileBanking.deel -->
