<?xml version="1.0" encoding="UTF-8"?>
<!-- Generated by org.testng.reporters.JUnitReportReporter -->
<testsuite skipped="0" hostname="Tumuku" name="pay.Pay1" tests="1" failures="0" timestamp="2020-06-15T12:50:55 CAT" time="52.408" errors="0">
  <testcase name="PayAbsaListedBeneficiaryNew" time="52.408" classname="pay.Pay1"/>
</testsuite> <!-- pay.Pay1 -->
