<?xml version="1.0" encoding="UTF-8"?>
<!-- Generated by org.testng.reporters.JUnitReportReporter -->
<testsuite skipped="0" hostname="Tumuku" name="pay.Pay" tests="1" failures="0" timestamp="2020-06-15T15:50:40 CAT" time="101.089" errors="0">
  <testcase name="pay_IIPForAnExistingBeneficiary" time="101.089" classname="pay.Pay"/>
</testsuite> <!-- pay.Pay -->
