<?xml version="1.0" encoding="UTF-8"?>
<!-- Generated by org.testng.reporters.JUnitReportReporter -->
<testsuite skipped="0" hostname="Tumuku" name="pay.Passcode" tests="1" failures="0" timestamp="2020-06-15T15:50:40 CAT" time="12.119" errors="0">
  <testcase name="passCode" time="12.119" classname="pay.Passcode"/>
</testsuite> <!-- pay.Passcode -->
