<?xml version="1.0" encoding="UTF-8"?>
<!-- Generated by org.testng.reporters.JUnitReportReporter -->
<testsuite skipped="0" hostname="Tumuku" name="pay.PayGroupClass" tests="1" failures="0" timestamp="2020-05-20T10:01:34 CAT" time="108.142" errors="0">
  <testcase name="pay" time="108.142" classname="pay.PayGroupClass"/>
</testsuite> <!-- pay.PayGroupClass -->
