<?xml version="1.0" encoding="UTF-8"?>
<!-- Generated by org.testng.reporters.JUnitReportReporter -->
<testsuite skipped="0" hostname="Tumuku" name="TestNG.testNg" tests="1" failures="0" timestamp="12 Aug 2019 08:45:14 GMT" time="17.193" errors="0">
  <testcase name="f" time="17.193" classname="TestNG.testNg"/>
</testsuite> <!-- TestNG.testNg -->
