<?xml version="1.0" encoding="UTF-8"?>
<!-- Generated by org.testng.reporters.JUnitReportReporter -->
<testsuite hostname="Tumuku" failures="0" tests="3" name="TestNG.DepndentOnMethod" time="0.039" errors="0" timestamp="2024-08-13T10:48:07 IST" skipped="0">
  <testcase classname="TestNG.DepndentOnMethod" name="LogOut" time="0.013"/>
  <testcase classname="TestNG.DepndentOnMethod" name="OpenBrowser" time="0.016"/>
  <testcase classname="TestNG.DepndentOnMethod" name="SignIn" time="0.010"/>
</testsuite> <!-- TestNG.DepndentOnMethod -->
