<?xml version="1.0" encoding="UTF-8"?>
<!-- Generated by org.testng.reporters.JUnitReportReporter -->
<testsuite hostname="Tumuku" failures="0" tests="1" name="TestNG.second1" time="0.006" errors="0" timestamp="2024-08-16T15:10:43 IST" skipped="0">
  <testcase classname="TestNG.second1" name="m2" time="0.006"/>
</testsuite> <!-- TestNG.second1 -->
