<?xml version="1.0" encoding="UTF-8"?>
<!-- Generated by org.testng.reporters.JUnitReportReporter -->
<testsuite hostname="Tumuku" failures="0" tests="3" name="TestNG.DepndentTest" time="0.014" errors="0" timestamp="2023-02-07T19:38:32 IST" skipped="0">
  <testcase classname="TestNG.DepndentTest" name="LogOut" time="0.000"/>
  <testcase classname="TestNG.DepndentTest" name="SignIn" time="0.001"/>
  <testcase classname="TestNG.DepndentTest" name="OpenBrowser" time="0.013"/>
</testsuite> <!-- TestNG.DepndentTest -->
