<?xml version="1.0" encoding="UTF-8"?>
<!-- Generated by org.testng.reporters.JUnitReportReporter -->
<testsuite hostname="Tumuku" failures="0" tests="1" name="TestNG.logs" time="19.103" errors="0" timestamp="2024-08-28T18:15:28 IST" skipped="0">
  <testcase classname="TestNG.logs" name="testReport" time="19.103">
    <system-out>
      <![CDATA[Browser Opened
Browser Maximized
Application start
Application close]]>
    </system-out>
  </testcase> <!-- testReport -->
  <system-out>
    <![CDATA[Browser Opened
Browser Maximized
Application start
Application close]]>
  </system-out>
</testsuite> <!-- TestNG.logs -->
