<?xml version="1.0" encoding="UTF-8"?>
<!-- Generated by org.testng.reporters.JUnitReportReporter -->
<testsuite skipped="0" hostname="Tumuku" name="TestNG.Assertion" tests="1" failures="0" timestamp="2021-06-14T22:45:39 CAT" time="52.994" errors="1">
  <testcase name="f" time="52.994" classname="TestNG.Assertion">
    <error type="org.openqa.selenium.WebDriverException" message="Failed to connect to binary FirefoxBinary(C:\Program Files (x86)\Mozilla Firefox\firefox.exe) on port 7055; process output follows: 
17	addons.xpi	DEBUG	Registering manifest for C:\Program Files (x86)\Mozilla Firefox\browser\features\firefox@getpocket.com.xpi
1623703499718	addons.xpi	DEBUG	Calling bootstrap method startup on firefox@getpocket.com version 1.0.2
1623703499719	addons.xpi	DEBUG	Registering manifest for C:\Program Files (x86)\Mozilla Firefox\browser\features\loop@mozilla.org.xpi
1623703499720	addons.xpi	DEBUG	Calling bootstrap method startup on loop@mozilla.org version 1.3.2
1623703499735	addons.xpi	DEBUG	Registering manifest for C:\Program Files (x86)\Mozilla Firefox\browser\features\websensehelper@mozilla.org.xpi
1623703499736	addons.xpi	DEBUG	Calling bootstrap method startup on websensehelper@mozilla.org version 1.0
1623703499738	addons.manager	DEBUG	Registering shutdown blocker for XPIProvider
1623703499738	addons.manager	DEBUG	Provider finished startup: XPIProvider
1623703499738	addons.manager	DEBUG	Starting provider: LightweightThemeManager
1623703499738	addons.manager	DEBUG	Registering shutdown blocker for LightweightThemeManager
1623703499738	addons.manager	DEBUG	Provider finished startup: LightweightThemeManager
1623703499739	addons.manager	DEBUG	Starting provider: GMPProvider
1623703499744	addons.manager	DEBUG	Registering shutdown blocker for GMPProvider
1623703499744	addons.manager	DEBUG	Provider finished startup: GMPProvider
1623703499744	addons.manager	DEBUG	Starting provider: PluginProvider
1623703499744	addons.manager	DEBUG	Registering shutdown blocker for PluginProvider
1623703499744	addons.manager	DEBUG	Provider finished startup: PluginProvider
1623703499745	addons.manager	DEBUG	Completed startup sequence
[GFX1]: Potential driver version mismatch ignored due to missing DLLs 0.0.0.0 and 0.0.0.0
1623703501850	addons.manager	DEBUG	Starting provider: &lt;unnamed-provider&gt;
1623703501850	addons.manager	DEBUG	Registering shutdown blocker for &lt;unnamed-provider&gt;
1623703501850	addons.manager	DEBUG	Provider finished startup: &lt;unnamed-provider&gt;
1623703501852	DeferredSave.extensions.json	DEBUG	Write succeeded
1623703501853	addons.xpi-utils	DEBUG	XPI Database saved, setting schema version preference to 17
1623703501853	DeferredSave.extensions.json	DEBUG	Starting timer
1623703502278	DeferredSave.extensions.json	DEBUG	Starting write
1623703502790	addons.repository	DEBUG	No addons.json found.
1623703502790	DeferredSave.addons.json	DEBUG	Save changes
1623703502794	DeferredSave.addons.json	DEBUG	Starting timer
1623703502924	addons.manager	DEBUG	Starting provider: PreviousExperimentProvider
1623703502924	addons.manager	DEBUG	Registering shutdown blocker for PreviousExperimentProvider
1623703502925	addons.manager	DEBUG	Provider finished startup: PreviousExperimentProvider
1623703502938	DeferredSave.addons.json	DEBUG	Starting write
1623703502945	DeferredSave.extensions.json	DEBUG	Write succeeded
1623703503131	DeferredSave.addons.json	DEBUG	Write succeeded
1623703517112	addons.xpi	DEBUG	Calling bootstrap method shutdown on e10srollout@mozilla.org version 1.0
1623703517112	addons.xpi	DEBUG	Calling bootstrap method shutdown on firefox@getpocket.com version 1.0.2
1623703517112	addons.xpi	DEBUG	Calling bootstrap method shutdown on loop@mozilla.org version 1.3.2
1623703517114	addons.xpi	DEBUG	Calling bootstrap method shutdown on websensehelper@mozilla.org version 1.0
1623703517682	addons.manager	DEBUG	shutdown
1623703517682	addons.manager	DEBUG	Calling shutdown blocker for XPIProvider
1623703517683	addons.xpi	DEBUG	shutdown
1623703517683	addons.xpi-utils	DEBUG	shutdown
1623703517684	addons.manager	DEBUG	Calling shutdown blocker for LightweightThemeManager
1623703517684	addons.manager	DEBUG	Calling shutdown blocker for GMPProvider
1623703517688	addons.manager	DEBUG	Calling shutdown blocker for PluginProvider
1623703517688	addons.manager	DEBUG	Calling shutdown blocker for &lt;unnamed-provider&gt;
1623703517692	addons.manager	DEBUG	Calling shutdown blocker for PreviousExperimentProvider
1623703517697	addons.xpi	DEBUG	Notifying XPI shutdown observers
1623703517702	addons.manager	DEBUG	Async provider shutdown done

Build info: version: &#039;2.50.0&#039;, revision: &#039;1070ace&#039;, time: &#039;2016-01-27 18:43:24&#039;
System info: host: &#039;Tumuku&#039;, ip: &#039;192.168.0.111&#039;, os.name: &#039;Windows 10&#039;, os.arch: &#039;amd64&#039;, os.version: &#039;10.0&#039;, java.version: &#039;1.8.0_201&#039;
Driver info: driver.version: FirefoxDriver">
      <![CDATA[org.openqa.selenium.WebDriverException: Failed to connect to binary FirefoxBinary(C:\Program Files (x86)\Mozilla Firefox\firefox.exe) on port 7055; process output follows: 
17addons.xpiDEBUGRegistering manifest for C:\Program Files (x86)\Mozilla Firefox\browser\features\firefox@getpocket.com.xpi
1623703499718addons.xpiDEBUGCalling bootstrap method startup on firefox@getpocket.com version 1.0.2
1623703499719addons.xpiDEBUGRegistering manifest for C:\Program Files (x86)\Mozilla Firefox\browser\features\loop@mozilla.org.xpi
1623703499720addons.xpiDEBUGCalling bootstrap method startup on loop@mozilla.org version 1.3.2
1623703499735addons.xpiDEBUGRegistering manifest for C:\Program Files (x86)\Mozilla Firefox\browser\features\websensehelper@mozilla.org.xpi
1623703499736addons.xpiDEBUGCalling bootstrap method startup on websensehelper@mozilla.org version 1.0
1623703499738addons.managerDEBUGRegistering shutdown blocker for XPIProvider
1623703499738addons.managerDEBUGProvider finished startup: XPIProvider
1623703499738addons.managerDEBUGStarting provider: LightweightThemeManager
1623703499738addons.managerDEBUGRegistering shutdown blocker for LightweightThemeManager
1623703499738addons.managerDEBUGProvider finished startup: LightweightThemeManager
1623703499739addons.managerDEBUGStarting provider: GMPProvider
1623703499744addons.managerDEBUGRegistering shutdown blocker for GMPProvider
1623703499744addons.managerDEBUGProvider finished startup: GMPProvider
1623703499744addons.managerDEBUGStarting provider: PluginProvider
1623703499744addons.managerDEBUGRegistering shutdown blocker for PluginProvider
1623703499744addons.managerDEBUGProvider finished startup: PluginProvider
1623703499745addons.managerDEBUGCompleted startup sequence
[GFX1]: Potential driver version mismatch ignored due to missing DLLs 0.0.0.0 and 0.0.0.0
1623703501850addons.managerDEBUGStarting provider: <unnamed-provider>
1623703501850addons.managerDEBUGRegistering shutdown blocker for <unnamed-provider>
1623703501850addons.managerDEBUGProvider finished startup: <unnamed-provider>
1623703501852DeferredSave.extensions.jsonDEBUGWrite succeeded
1623703501853addons.xpi-utilsDEBUGXPI Database saved, setting schema version preference to 17
1623703501853DeferredSave.extensions.jsonDEBUGStarting timer
1623703502278DeferredSave.extensions.jsonDEBUGStarting write
1623703502790addons.repositoryDEBUGNo addons.json found.
1623703502790DeferredSave.addons.jsonDEBUGSave changes
1623703502794DeferredSave.addons.jsonDEBUGStarting timer
1623703502924addons.managerDEBUGStarting provider: PreviousExperimentProvider
1623703502924addons.managerDEBUGRegistering shutdown blocker for PreviousExperimentProvider
1623703502925addons.managerDEBUGProvider finished startup: PreviousExperimentProvider
1623703502938DeferredSave.addons.jsonDEBUGStarting write
1623703502945DeferredSave.extensions.jsonDEBUGWrite succeeded
1623703503131DeferredSave.addons.jsonDEBUGWrite succeeded
1623703517112addons.xpiDEBUGCalling bootstrap method shutdown on e10srollout@mozilla.org version 1.0
1623703517112addons.xpiDEBUGCalling bootstrap method shutdown on firefox@getpocket.com version 1.0.2
1623703517112addons.xpiDEBUGCalling bootstrap method shutdown on loop@mozilla.org version 1.3.2
1623703517114addons.xpiDEBUGCalling bootstrap method shutdown on websensehelper@mozilla.org version 1.0
1623703517682addons.managerDEBUGshutdown
1623703517682addons.managerDEBUGCalling shutdown blocker for XPIProvider
1623703517683addons.xpiDEBUGshutdown
1623703517683addons.xpi-utilsDEBUGshutdown
1623703517684addons.managerDEBUGCalling shutdown blocker for LightweightThemeManager
1623703517684addons.managerDEBUGCalling shutdown blocker for GMPProvider
1623703517688addons.managerDEBUGCalling shutdown blocker for PluginProvider
1623703517688addons.managerDEBUGCalling shutdown blocker for <unnamed-provider>
1623703517692addons.managerDEBUGCalling shutdown blocker for PreviousExperimentProvider
1623703517697addons.xpiDEBUGNotifying XPI shutdown observers
1623703517702addons.managerDEBUGAsync provider shutdown done

Build info: version: '2.50.0', revision: '1070ace', time: '2016-01-27 18:43:24'
System info: host: 'Tumuku', ip: '192.168.0.111', os.name: 'Windows 10', os.arch: 'amd64', os.version: '10.0', java.version: '1.8.0_201'
Driver info: driver.version: FirefoxDriver
at org.openqa.selenium.firefox.internal.NewProfileExtensionConnection.start(NewProfileExtensionConnection.java:134)
at org.openqa.selenium.firefox.FirefoxDriver.startClient(FirefoxDriver.java:271)
at org.openqa.selenium.remote.RemoteWebDriver.<init>(RemoteWebDriver.java:119)
at org.openqa.selenium.firefox.FirefoxDriver.<init>(FirefoxDriver.java:218)
at org.openqa.selenium.firefox.FirefoxDriver.<init>(FirefoxDriver.java:211)
at org.openqa.selenium.firefox.FirefoxDriver.<init>(FirefoxDriver.java:207)
at org.openqa.selenium.firefox.FirefoxDriver.<init>(FirefoxDriver.java:120)
at TestNG.Assertion.f(Assertion.java:27)
at sun.reflect.NativeMethodAccessorImpl.invoke0(Native Method)
at sun.reflect.NativeMethodAccessorImpl.invoke(NativeMethodAccessorImpl.java:62)
at sun.reflect.DelegatingMethodAccessorImpl.invoke(DelegatingMethodAccessorImpl.java:43)
at java.lang.reflect.Method.invoke(Method.java:498)
at org.testng.internal.MethodInvocationHelper.invokeMethod(MethodInvocationHelper.java:133)
at org.testng.internal.TestInvoker.invokeMethod(TestInvoker.java:584)
at org.testng.internal.TestInvoker.invokeTestMethod(TestInvoker.java:172)
at org.testng.internal.MethodRunner.runInSequence(MethodRunner.java:46)
at org.testng.internal.TestInvoker$MethodInvocationAgent.invoke(TestInvoker.java:804)
at org.testng.internal.TestInvoker.invokeTestMethods(TestInvoker.java:145)
at org.testng.internal.TestMethodWorker.invokeTestMethods(TestMethodWorker.java:146)
at org.testng.internal.TestMethodWorker.run(TestMethodWorker.java:128)
at java.util.ArrayList.forEach(ArrayList.java:1257)
at org.testng.TestRunner.privateRun(TestRunner.java:770)
at org.testng.TestRunner.run(TestRunner.java:591)
at org.testng.SuiteRunner.runTest(SuiteRunner.java:402)
at org.testng.SuiteRunner.runSequentially(SuiteRunner.java:396)
at org.testng.SuiteRunner.privateRun(SuiteRunner.java:355)
at org.testng.SuiteRunner.run(SuiteRunner.java:304)
at org.testng.SuiteRunnerWorker.runSuite(SuiteRunnerWorker.java:53)
at org.testng.SuiteRunnerWorker.run(SuiteRunnerWorker.java:96)
at org.testng.TestNG.runSuitesSequentially(TestNG.java:1180)
at org.testng.TestNG.runSuitesLocally(TestNG.java:1102)
at org.testng.TestNG.runSuites(TestNG.java:1032)
at org.testng.TestNG.run(TestNG.java:1000)
at org.testng.remote.AbstractRemoteTestNG.run(AbstractRemoteTestNG.java:115)
at org.testng.remote.RemoteTestNG.initAndRun(RemoteTestNG.java:251)
at org.testng.remote.RemoteTestNG.main(RemoteTestNG.java:77)
Caused by: org.openqa.selenium.firefox.NotConnectedException: Unable to connect to host 127.0.0.1 on port 7055 after 45000 ms. Firefox console output:
17addons.xpiDEBUGRegistering manifest for C:\Program Files (x86)\Mozilla Firefox\browser\features\firefox@getpocket.com.xpi
1623703499718addons.xpiDEBUGCalling bootstrap method startup on firefox@getpocket.com version 1.0.2
1623703499719addons.xpiDEBUGRegistering manifest for C:\Program Files (x86)\Mozilla Firefox\browser\features\loop@mozilla.org.xpi
1623703499720addons.xpiDEBUGCalling bootstrap method startup on loop@mozilla.org version 1.3.2
1623703499735addons.xpiDEBUGRegistering manifest for C:\Program Files (x86)\Mozilla Firefox\browser\features\websensehelper@mozilla.org.xpi
1623703499736addons.xpiDEBUGCalling bootstrap method startup on websensehelper@mozilla.org version 1.0
1623703499738addons.managerDEBUGRegistering shutdown blocker for XPIProvider
1623703499738addons.managerDEBUGProvider finished startup: XPIProvider
1623703499738addons.managerDEBUGStarting provider: LightweightThemeManager
1623703499738addons.managerDEBUGRegistering shutdown blocker for LightweightThemeManager
1623703499738addons.managerDEBUGProvider finished startup: LightweightThemeManager
1623703499739addons.managerDEBUGStarting provider: GMPProvider
1623703499744addons.managerDEBUGRegistering shutdown blocker for GMPProvider
1623703499744addons.managerDEBUGProvider finished startup: GMPProvider
1623703499744addons.managerDEBUGStarting provider: PluginProvider
1623703499744addons.managerDEBUGRegistering shutdown blocker for PluginProvider
1623703499744addons.managerDEBUGProvider finished startup: PluginProvider
1623703499745addons.managerDEBUGCompleted startup sequence
[GFX1]: Potential driver version mismatch ignored due to missing DLLs 0.0.0.0 and 0.0.0.0
1623703501850addons.managerDEBUGStarting provider: <unnamed-provider>
1623703501850addons.managerDEBUGRegistering shutdown blocker for <unnamed-provider>
1623703501850addons.managerDEBUGProvider finished startup: <unnamed-provider>
1623703501852DeferredSave.extensions.jsonDEBUGWrite succeeded
1623703501853addons.xpi-utilsDEBUGXPI Database saved, setting schema version preference to 17
1623703501853DeferredSave.extensions.jsonDEBUGStarting timer
1623703502278DeferredSave.extensions.jsonDEBUGStarting write
1623703502790addons.repositoryDEBUGNo addons.json found.
1623703502790DeferredSave.addons.jsonDEBUGSave changes
1623703502794DeferredSave.addons.jsonDEBUGStarting timer
1623703502924addons.managerDEBUGStarting provider: PreviousExperimentProvider
1623703502924addons.managerDEBUGRegistering shutdown blocker for PreviousExperimentProvider
1623703502925addons.managerDEBUGProvider finished startup: PreviousExperimentProvider
1623703502938DeferredSave.addons.jsonDEBUGStarting write
1623703502945DeferredSave.extensions.jsonDEBUGWrite succeeded
1623703503131DeferredSave.addons.jsonDEBUGWrite succeeded
1623703517112addons.xpiDEBUGCalling bootstrap method shutdown on e10srollout@mozilla.org version 1.0
1623703517112addons.xpiDEBUGCalling bootstrap method shutdown on firefox@getpocket.com version 1.0.2
1623703517112addons.xpiDEBUGCalling bootstrap method shutdown on loop@mozilla.org version 1.3.2
1623703517114addons.xpiDEBUGCalling bootstrap method shutdown on websensehelper@mozilla.org version 1.0
1623703517682addons.managerDEBUGshutdown
1623703517682addons.managerDEBUGCalling shutdown blocker for XPIProvider
1623703517683addons.xpiDEBUGshutdown
1623703517683addons.xpi-utilsDEBUGshutdown
1623703517684addons.managerDEBUGCalling shutdown blocker for LightweightThemeManager
1623703517684addons.managerDEBUGCalling shutdown blocker for GMPProvider
1623703517688addons.managerDEBUGCalling shutdown blocker for PluginProvider
1623703517688addons.managerDEBUGCalling shutdown blocker for <unnamed-provider>
1623703517692addons.managerDEBUGCalling shutdown blocker for PreviousExperimentProvider
1623703517697addons.xpiDEBUGNotifying XPI shutdown observers
1623703517702addons.managerDEBUGAsync provider shutdown done

at org.openqa.selenium.firefox.internal.NewProfileExtensionConnection.start(NewProfileExtensionConnection.java:122)
... 35 more
]]>
    </error>
  </testcase> <!-- f -->
</testsuite> <!-- TestNG.Assertion -->
