<?xml version="1.0" encoding="UTF-8"?>
<!-- Generated by org.testng.reporters.JUnitReportReporter -->
<testsuite hostname="Tumuku" failures="0" tests="1" name="parameterizationTypes.parameterization" time="0.017" errors="0" timestamp="2024-08-19T18:34:51 IST" skipped="0">
  <testcase classname="parameterizationTypes.parameterization" name="f" time="0.017"/>
</testsuite> <!-- parameterizationTypes.parameterization -->
