<?xml version="1.0" encoding="UTF-8"?>
<!-- Generated by org.testng.reporters.JUnitReportReporter -->
<testsuite hostname="Tumuku" failures="0" tests="4" name="TestNG.MultipleTestCases" time="0.047" errors="0" timestamp="2024-08-13T11:00:14 IST" skipped="0">
  <testcase classname="TestNG.MultipleTestCases" name="Four" time="0.019"/>
  <testcase classname="TestNG.MultipleTestCases" name="Two" time="0.006"/>
  <testcase classname="TestNG.MultipleTestCases" name="One" time="0.008"/>
  <testcase classname="TestNG.MultipleTestCases" name="Three" time="0.014"/>
</testsuite> <!-- TestNG.MultipleTestCases -->
