<?xml version="1.0" encoding="UTF-8"?>
<!-- Generated by org.testng.reporters.JUnitReportReporter -->
<testsuite skipped="0" hostname="Tumuku" name="ExtentReport_Highlevel.ExtentReport_Highlevel_Execution" tests="1" failures="0" timestamp="2022-03-04T11:33:03 IST" time="0.052" errors="0">
  <testcase name="Sample_Web_Page_To_Test" time="0.052" classname="ExtentReport_Highlevel.ExtentReport_Highlevel_Execution"/>
</testsuite> <!-- ExtentReport_Highlevel.ExtentReport_Highlevel_Execution -->
