<?xml version="1.0" encoding="UTF-8"?>
<!-- Generated by org.testng.reporters.JUnitReportReporter -->
<testsuite hostname="Tumuku" failures="0" tests="5" name="TestNG.Prioritizing" time="0.039" errors="0" timestamp="2024-08-21T16:44:07 IST" skipped="0">
  <testcase classname="TestNG.Prioritizing" name="Two" time="0.025"/>
  <testcase classname="TestNG.Prioritizing" name="Three" time="0.006"/>
  <testcase classname="TestNG.Prioritizing" name="One" time="0.003"/>
  <testcase classname="TestNG.Prioritizing" name="Four1" time="0.003"/>
  <testcase classname="TestNG.Prioritizing" name="Four" time="0.002"/>
</testsuite> <!-- TestNG.Prioritizing -->
