<?xml version="1.0" encoding="UTF-8"?>
<!-- Generated by org.testng.reporters.JUnitReportReporter -->
<testsuite skipped="0" hostname="Tumuku" name="ScreenshotsandReports.Executionclass" tests="1" failures="0" timestamp="2022-03-04T11:54:21 IST" time="4.022" errors="0">
  <testcase name="execu" time="4.022" classname="ScreenshotsandReports.Executionclass"/>
</testsuite> <!-- ScreenshotsandReports.Executionclass -->
