<?xml version="1.0" encoding="UTF-8"?>
<!-- Generated by org.testng.reporters.JUnitReportReporter -->
<testsuite hostname="Tumuku" failures="0" tests="1" name="TestNG.Annotations" time="0.023" errors="0" timestamp="2024-08-09T19:25:03 IST" skipped="0">
  <testcase classname="TestNG.Annotations" name="testcase1" time="0.023"/>
</testsuite> <!-- TestNG.Annotations -->
