<?xml version="1.0" encoding="UTF-8"?>
<!-- Generated by org.testng.reporters.JUnitReportReporter -->
<testsuite skipped="0" hostname="Tumuku" name="TestNG.tt" tests="1" failures="0" timestamp="25 Oct 2019 12:18:12 GMT" time="0.009" errors="0">
  <testcase name="f" time="0.009" classname="TestNG.tt"/>
</testsuite> <!-- TestNG.tt -->
