<?xml version="1.0" encoding="UTF-8"?>
<!-- Generated by org.testng.reporters.JUnitReportReporter -->
<testsuite hostname="Tumuku" failures="0" tests="2" name="utils.CallingDataProviderInDifferentClass" time="41.557" errors="0" timestamp="2024-08-26T15:53:22 IST" skipped="0">
  <testcase classname="utils.CallingDataProviderInDifferentClass" name="test2" time="37.200"/>
  <testcase classname="utils.CallingDataProviderInDifferentClass" name="test2" time="4.357"/>
</testsuite> <!-- utils.CallingDataProviderInDifferentClass -->
