<?xml version="1.0" encoding="UTF-8"?>
<!-- Generated by org.testng.reporters.JUnitReportReporter -->
<testsuite hostname="Tumuku" failures="0" tests="9" name="TestNG.time_out" time="0.059" errors="0" timestamp="2024-08-13T10:51:21 IST" skipped="0">
  <testcase classname="TestNG.time_out" name="m2" time="0.004"/>
  <testcase classname="TestNG.time_out" name="m2" time="0.007"/>
  <testcase classname="TestNG.time_out" name="m2" time="0.006"/>
  <testcase classname="TestNG.time_out" name="m2" time="0.003"/>
  <testcase classname="TestNG.time_out" name="m2" time="0.002"/>
  <testcase classname="TestNG.time_out" name="m1" time="0.029"/>
  <testcase classname="TestNG.time_out" name="m2" time="0.002"/>
  <testcase classname="TestNG.time_out" name="m2" time="0.003"/>
  <testcase classname="TestNG.time_out" name="m2" time="0.003"/>
</testsuite> <!-- TestNG.time_out -->
