<?xml version="1.0" encoding="UTF-8"?>
<!-- Generated by org.testng.reporters.JUnitReportReporter -->
<testsuite hostname="Tumuku" failures="0" tests="1" name="Java_SQLServer.dataBaseTest1" time="3.901" errors="0" timestamp="2023-07-30T20:32:50 CAT" skipped="0">
  <testcase classname="Java_SQLServer.dataBaseTest1" name="dB_Method" time="3.901"/>
</testsuite> <!-- Java_SQLServer.dataBaseTest1 -->
