<?xml version="1.0" encoding="UTF-8"?>
<!-- Generated by org.testng.reporters.JUnitReportReporter -->
<testsuite hostname="Tumuku" failures="0" tests="2" name="accessDataProviderWithDiffFoldDiffPack.AccessDataProviderWithDiffFoldDiffPackDiffClass" time="28.199" errors="0" timestamp="2023-07-01T09:39:46 CAT" skipped="0">
  <testcase classname="accessDataProviderWithDiffFoldDiffPack.AccessDataProviderWithDiffFoldDiffPackDiffClass" name="test3" time="20.639"/>
  <testcase classname="accessDataProviderWithDiffFoldDiffPack.AccessDataProviderWithDiffFoldDiffPackDiffClass" name="test3" time="7.560"/>
</testsuite> <!-- accessDataProviderWithDiffFoldDiffPack.AccessDataProviderWithDiffFoldDiffPackDiffClass -->
