<?xml version="1.0" encoding="UTF-8"?>
<!-- Generated by org.testng.reporters.JUnitReportReporter -->
<testsuite hostname="Tumuku" failures="0" tests="8" name="TestNG.iterations" time="0.075" errors="0" timestamp="2024-08-13T10:55:03 IST" skipped="0">
  <testcase classname="TestNG.iterations" name="m2" time="0.004"/>
  <testcase classname="TestNG.iterations" name="m2" time="0.005"/>
  <testcase classname="TestNG.iterations" name="m2" time="0.008"/>
  <testcase classname="TestNG.iterations" name="m2" time="0.004"/>
  <testcase classname="TestNG.iterations" name="m2" time="0.020"/>
  <testcase classname="TestNG.iterations" name="m1" time="0.018"/>
  <testcase classname="TestNG.iterations" name="m2" time="0.012"/>
  <testcase classname="TestNG.iterations" name="m2" time="0.004"/>
</testsuite> <!-- TestNG.iterations -->
