<?xml version="1.0" encoding="UTF-8"?>
<!-- Generated by org.testng.reporters.JUnitReportReporter -->
<testsuite hostname="Tumuku" failures="0" tests="2" name="parameterizationTypes.parameterization_Dataprovider" time="0.034" errors="0" timestamp="2024-08-21T15:25:36 IST" skipped="0">
  <testcase classname="parameterizationTypes.parameterization_Dataprovider" name="test" time="0.030"/>
  <testcase classname="parameterizationTypes.parameterization_Dataprovider" name="test" time="0.004"/>
</testsuite> <!-- parameterizationTypes.parameterization_Dataprovider -->
