<?xml version="1.0" encoding="UTF-8"?>
<!-- Generated by org.testng.reporters.JUnitReportReporter -->
<testsuite hostname="Tumuku" failures="0" tests="1" name="Datadriven_TestNG.DD_Testing" time="32.287" errors="0" timestamp="2024-08-19T19:12:42 IST" skipped="0">
  <testcase classname="Datadriven_TestNG.DD_Testing" name="f" time="32.287"/>
</testsuite> <!-- Datadriven_TestNG.DD_Testing -->
