<?xml version="1.0" encoding="UTF-8"?>
<!-- Generated by org.testng.reporters.JUnitReportReporter -->
<testsuite skipped="0" hostname="Tumuku" name="TestNG.second" tests="1" failures="0" timestamp="2020-04-22T13:21:27 CAT" time="0.001" errors="0">
  <testcase name="m1" time="0.001" classname="TestNG.second"/>
</testsuite> <!-- TestNG.second -->
