<?xml version="1.0" encoding="UTF-8"?>
<!-- Generated by org.testng.reporters.JUnitReportReporter -->
<testsuite hostname="Tumuku" failures="0" tests="3" name="TestNG.DependsOnGroup" time="0.027" errors="0" timestamp="2024-08-16T15:07:41 IST" skipped="0">
  <testcase classname="TestNG.DependsOnGroup" name="LogIn" time="0.019"/>
  <testcase classname="TestNG.DependsOnGroup" name="AccView" time="0.003"/>
  <testcase classname="TestNG.DependsOnGroup" name="LogOut" time="0.005"/>
</testsuite> <!-- TestNG.DependsOnGroup -->
