<?xml version="1.0" encoding="UTF-8"?>
<!-- Generated by org.testng.reporters.JUnitReportReporter -->
<testsuite hostname="Tumuku" failures="0" tests="1" name="parameterizationTypes.Parameterization1" time="0.019" errors="0" timestamp="2024-08-19T18:36:04 IST" skipped="0">
  <testcase classname="parameterizationTypes.Parameterization1" name="Sum" time="0.019"/>
</testsuite> <!-- parameterizationTypes.Parameterization1 -->
