<?xml version="1.0" encoding="UTF-8"?>
<!-- Generated by org.testng.reporters.JUnitReportReporter -->
<testsuite skipped="1" hostname="Tumuku" name="TestNG.SkippingTestCase" tests="4" failures="0" timestamp="2022-03-20T14:46:55 IST" time="0.015" errors="0">
  <testcase name="One" time="0.010" classname="TestNG.SkippingTestCase"/>
  <testcase name="Two" time="0.003" classname="TestNG.SkippingTestCase"/>
  <testcase name="Four" time="0.002" classname="TestNG.SkippingTestCase"/>
  <testcase name="Three" classname="TestNG.SkippingTestCase">
    <skipped/>
  </testcase> <!-- Three -->
</testsuite> <!-- TestNG.SkippingTestCase -->
