<?xml version="1.0" encoding="UTF-8"?>
<!-- Generated by org.testng.reporters.JUnitReportReporter -->
<testsuite hostname="Tumuku" failures="0" tests="1" name="TestNG.Annutaions" time="0.002" errors="0" timestamp="2023-01-31T19:54:06 IST" skipped="0">
  <testcase classname="TestNG.Annutaions" name="testcase1" time="0.002"/>
</testsuite> <!-- TestNG.Annutaions -->
