<?xml version="1.0" encoding="UTF-8"?>
<!-- Generated by org.testng.reporters.JUnitReportReporter -->
<testsuite hostname="Tumuku" failures="0" tests="2" name="utils.ExcelDataprovider" time="55.503" errors="0" timestamp="2024-08-26T18:58:56 IST" skipped="0">
  <testcase classname="utils.ExcelDataprovider" name="test1" time="3.831"/>
  <testcase classname="utils.ExcelDataprovider" name="test1" time="51.672"/>
</testsuite> <!-- utils.ExcelDataprovider -->
