<?xml version="1.0" encoding="UTF-8"?>
<!-- Generated by org.testng.reporters.JUnitReportReporter -->
<testsuite skipped="0" hostname="Tumuku" name="TestNG_Assertion.assertequal" tests="2" failures="0" timestamp="2020-05-18T21:09:07 CAT" time="0.008" errors="0">
  <testcase name="f" time="0.002" classname="TestNG_Assertion.assertequal"/>
  <testcase name="ex2" time="0.006" classname="TestNG_Assertion.assertequal"/>
</testsuite> <!-- TestNG_Assertion.assertequal -->
