<?xml version="1.0" encoding="UTF-8"?>
<!-- Generated by org.testng.reporters.JUnitReportReporter -->
<testsuite hostname="Tumuku" failures="0" tests="3" name="TestNG.parallel_test" time="126.209" errors="0" timestamp="2024-08-30T14:12:51 IST" skipped="0">
  <testcase classname="TestNG.parallel_test" name="ieTest" time="22.292"/>
  <testcase classname="TestNG.parallel_test" name="chromeTest" time="25.019"/>
  <testcase classname="TestNG.parallel_test" name="firefoxTest" time="78.898"/>
</testsuite> <!-- TestNG.parallel_test -->
