<?xml version="1.0" encoding="UTF-8"?>
<!-- Generated by org.testng.reporters.JUnitReportReporter -->
<testsuite hostname="Tumuku" failures="0" tests="3" name="TestNG.groupTestNG_class" time="0.031" errors="0" timestamp="2024-08-16T15:10:43 IST" skipped="0">
  <testcase classname="TestNG.groupTestNG_class" name="m11" time="0.004"/>
  <testcase classname="TestNG.groupTestNG_class" name="m1" time="0.023"/>
  <testcase classname="TestNG.groupTestNG_class" name="m2" time="0.004"/>
</testsuite> <!-- TestNG.groupTestNG_class -->
