<?xml version="1.0" encoding="UTF-8"?>
<!-- Generated by org.testng.reporters.JUnitReportReporter -->
<testsuite hostname="Tumuku" failures="0" tests="2" name="DataProviderPackage.DataProviderClass" time="28.323" errors="0" timestamp="2023-07-01T08:40:00 CAT" skipped="0">
  <testcase classname="DataProviderPackage.DataProviderClass" name="test3" time="18.984"/>
  <testcase classname="DataProviderPackage.DataProviderClass" name="test3" time="9.339"/>
</testsuite> <!-- DataProviderPackage.DataProviderClass -->
