<?xml version="1.0" encoding="UTF-8"?>
<!-- Generated by org.testng.reporters.JUnitReportReporter -->
<testsuite skipped="0" hostname="Tumuku" name="TestNG.DependsOnGroups" tests="4" failures="0" timestamp="2022-01-21T14:39:32 IST" time="0.000" errors="0">
  <testcase name="CloseAccount" time="0.000" classname="TestNG.DependsOnGroups"/>
  <testcase name="OpenBrowser" time="0.000" classname="TestNG.DependsOnGroups"/>
  <testcase name="ViewAcc" time="0.000" classname="TestNG.DependsOnGroups"/>
  <testcase name="LogIn" time="0.000" classname="TestNG.DependsOnGroups"/>
</testsuite> <!-- TestNG.DependsOnGroups -->
