<?xml version="1.0" encoding="UTF-8"?>
<!-- Generated by org.testng.reporters.JUnitReportReporter -->
<testsuite hostname="Tumuku" failures="0" tests="1" name="testNG_InterviewQuestiosn.flakyTest" time="14.757" errors="0" timestamp="2024-09-05T17:32:53 IST" skipped="0">
  <testcase classname="testNG_InterviewQuestiosn.flakyTest" name="testPageLoad" time="14.757"/>
</testsuite> <!-- testNG_InterviewQuestiosn.flakyTest -->
