<?xml version="1.0" encoding="UTF-8"?>
<!-- Generated by org.testng.reporters.JUnitReportReporter -->
<testsuite hostname="Tumuku" failures="0" tests="5" name="TestNG.Grouping" time="0.022" errors="0" timestamp="2024-08-12T19:26:14 IST" skipped="0">
  <testcase classname="TestNG.Grouping" name="Car1" time="0.010"/>
  <testcase classname="TestNG.Grouping" name="Sedan1" time="0.002"/>
  <testcase classname="TestNG.Grouping" name="Scooter1" time="0.004"/>
  <testcase classname="TestNG.Grouping" name="Scooter2" time="0.002"/>
  <testcase classname="TestNG.Grouping" name="Car2" time="0.004"/>
</testsuite> <!-- TestNG.Grouping -->
