<?xml version="1.0" encoding="UTF-8"?>
<!-- Generated by org.testng.reporters.JUnitReportReporter -->
<testsuite hostname="Tumuku" failures="0" tests="1" name="TestNG.FirstTest" time="43.299" errors="0" timestamp="2024-08-08T21:37:52 IST" skipped="0">
  <testcase classname="TestNG.FirstTest" name="get_URL" time="43.299"/>
</testsuite> <!-- TestNG.FirstTest -->
