<?xml version="1.0" encoding="UTF-8"?>
<!-- Generated by org.testng.reporters.JUnitReportReporter -->
<testsuite hostname="Tumuku" failures="0" tests="3" name="parameterizationTypes.Parameterization_Dataprovider1" time="0.031" errors="0" timestamp="2024-08-21T15:45:30 IST" skipped="0">
  <testcase classname="parameterizationTypes.Parameterization_Dataprovider1" name="test1" time="0.024"/>
  <testcase classname="parameterizationTypes.Parameterization_Dataprovider1" name="test1" time="0.002"/>
  <testcase classname="parameterizationTypes.Parameterization_Dataprovider1" name="test1" time="0.005"/>
</testsuite> <!-- parameterizationTypes.Parameterization_Dataprovider1 -->
