<?xml version="1.0" encoding="UTF-8"?>
<!-- Generated by org.testng.reporters.JUnitReportReporter -->
<testsuite hostname="Tumuku" failures="0" tests="1" name="With_pageobjectmodel.Execution" time="3.136" errors="0" timestamp="2024-08-22T16:25:12 IST" skipped="0">
  <testcase classname="With_pageobjectmodel.Execution" name="login" time="3.136"/>
</testsuite> <!-- With_pageobjectmodel.Execution -->
