<?xml version="1.0" encoding="UTF-8"?>
<!-- Generated by org.testng.reporters.JUnitReportReporter -->
<testsuite hostname="Tumuku" failures="0" tests="1" name="With_pageobjectmodel.Execution1" time="0.794" errors="0" timestamp="2023-01-30T22:52:50 IST" skipped="0">
  <testcase classname="With_pageobjectmodel.Execution1" name="login1" time="0.794"/>
</testsuite> <!-- With_pageobjectmodel.Execution1 -->
