<?xml version="1.0" encoding="UTF-8"?>
<!-- Generated by org.testng.reporters.JUnitReportReporter -->
<testsuite hostname="Tumuku" failures="0" tests="1" name="Without_POM.Execution" time="24.138" errors="0" timestamp="2024-08-20T15:57:45 IST" skipped="0">
  <testcase classname="Without_POM.Execution" name="login" time="24.138"/>
</testsuite> <!-- Without_POM.Execution -->
