<?xml version="1.0" encoding="UTF-8"?>
<!-- Generated by org.testng.reporters.JUnitReportReporter -->
<testsuite skipped="0" hostname="Tumuku" name="Selenium.AVAF.Passcode" tests="1" failures="0" timestamp="2020-06-23T20:53:25 CAT" time="12.167" errors="0">
  <testcase name="passCode" time="12.167" classname="Selenium.AVAF.Passcode"/>
</testsuite> <!-- Selenium.AVAF.Passcode -->
